TN:
SF:login.js
FN:3,login
FN:14,changePassword
FNF:2
FNH:2
FNDA:3,login
FNDA:5,changePassword
DA:1,2
DA:4,3
DA:5,3
DA:6,0
DA:8,3
DA:9,1
DA:11,2
DA:15,5
DA:16,5
DA:17,0
DA:19,5
DA:20,1
DA:22,4
DA:23,1
DA:25,3
DA:26,1
DA:29,2
DA:30,2
DA:33,2
LF:19
LH:17
BRDA:5,0,0,0
BRDA:5,0,1,3
BRDA:8,1,0,1
BRDA:8,1,1,2
BRDA:16,2,0,0
BRDA:16,2,1,5
BRDA:19,3,0,1
BRDA:19,3,1,4
BRDA:22,4,0,1
BRDA:22,4,1,3
BRDA:25,5,0,1
BRDA:25,5,1,2
BRF:12
BRH:10
end_of_record
TN:
SF:user.js
FN:2,(anonymous_0)
FN:10,addUser
FN:16,(anonymous_2)
FN:30,getUser
FN:31,(anonymous_4)
FN:34,isValidPassword
FNF:6
FNH:6
FNDA:10,(anonymous_0)
FNDA:13,addUser
FNDA:2,(anonymous_2)
FNDA:9,getUser
FNDA:8,(anonymous_4)
FNDA:14,isValidPassword
DA:3,10
DA:4,10
DA:8,3
DA:12,13
DA:13,1
DA:16,12
DA:17,12
DA:18,1
DA:21,11
DA:22,1
DA:25,10
DA:26,10
DA:27,10
DA:31,9
DA:35,14
DA:36,14
DA:39,3
LF:17
LH:17
BRDA:12,0,0,1
BRDA:12,0,1,12
BRDA:12,1,0,13
BRDA:12,1,1,12
BRDA:17,2,0,1
BRDA:17,2,1,11
BRDA:21,3,0,1
BRDA:21,3,1,10
BRF:8
BRH:8
end_of_record
